Ch02/02_05/Minify/app/build/outputs/logs/manifest-merger-debug-report.txt
-- Merging decision tree log ---
manifest
ADDED from src/main/AndroidManifest.xml:2:1-46:12
INJECTED from src/main/AndroidManifest.xml:2:1-46:12
INJECTED from src/main/AndroidManifest.xml:2:1-46:12
INJECTED from src/main/AndroidManifest.xml:2:1-46:12
MERGED from [com.android.support:design:25.0.0] AndroidManifest.xml:17:1-27:12
MERGED from [com.android.support:appcompat-v7:25.0.0] AndroidManifest.xml:17:1-27:12
MERGED from [com.android.support:recyclerview-v7:25.0.0] AndroidManifest.xml:17:1-22:12
MERGED from [com.android.support:transition:25.0.0] AndroidManifest.xml:17:1-24:12
MERGED from [com.android.support:support-v4:25.0.0] AndroidManifest.xml:17:1-27:12
MERGED from [com.android.support:animated-vector-drawable:25.0.0] AndroidManifest.xml:17:1-24:12
MERGED from [com.android.support:support-vector-drawable:25.0.0] AndroidManifest.xml:17:1-25:12
MERGED from [com.android.support:support-fragment:25.0.0] AndroidManifest.xml:17:1-27:12
MERGED from [com.android.support:support-core-ui:25.0.0] AndroidManifest.xml:17:1-27:12
MERGED from [com.android.support:support-media-compat:25.0.0] AndroidManifest.xml:17:1-27:12
MERGED from [com.android.support:support-core-utils:25.0.0] AndroidManifest.xml:17:1-27:12
MERGED from [com.android.support:support-compat:25.0.0] AndroidManifest.xml:17:1-27:12
INJECTED from src/main/AndroidManifest.xml:2:1-46:12
INJECTED from src/main/AndroidManifest.xml:2:1-46:12
INJECTED from src/main/AndroidManifest.xml:2:1-46:12
	package
		ADDED from src/main/AndroidManifest.xml:3:5-39
		INJECTED from src/main/AndroidManifest.xml
		INJECTED from src/main/AndroidManifest.xml
	android:versionName
		INJECTED from src/main/AndroidManifest.xml
		ADDED from src/main/AndroidManifest.xml:2:1-46:12
		INJECTED from src/main/AndroidManifest.xml
	android:versionCode
		INJECTED from src/main/AndroidManifest.xml
		ADDED from src/main/AndroidManifest.xml:2:1-46:12
		INJECTED from src/main/AndroidManifest.xml
	xmlns:android
		ADDED from src/main/AndroidManifest.xml:2:11-69
uses-permission#android.permission.GET_ACCOUNTS
ADDED from src/main/AndroidManifest.xml:6:5-71
	android:name
		ADDED from src/main/AndroidManifest.xml:6:22-68
uses-permission#android.permission.READ_PROFILE
ADDED from src/main/AndroidManifest.xml:7:5-71
	android:name
		ADDED from src/main/AndroidManifest.xml:7:22-68
uses-permission#android.permission.READ_CONTACTS
ADDED from src/main/AndroidManifest.xml:8:5-72
	android:name
		ADDED from src/main/AndroidManifest.xml:8:22-69
application
ADDED from src/main/AndroidManifest.xml:10:5-44:19
MERGED from [com.android.support:design:25.0.0] AndroidManifest.xml:25:5-20
MERGED from [com.android.support:design:25.0.0] AndroidManifest.xml:25:5-20
MERGED from [com.android.support:appcompat-v7:25.0.0] AndroidManifest.xml:25:5-20
MERGED from [com.android.support:appcompat-v7:25.0.0] AndroidManifest.xml:25:5-20
MERGED from [com.android.support:transition:25.0.0] AndroidManifest.xml:22:5-20
MERGED from [com.android.support:transition:25.0.0] AndroidManifest.xml:22:5-20
MERGED from [com.android.support:support-v4:25.0.0] AndroidManifest.xml:25:5-20
MERGED from [com.android.support:support-v4:25.0.0] AndroidManifest.xml:25:5-20
MERGED from [com.android.support:animated-vector-drawable:25.0.0] AndroidManifest.xml:22:5-20
MERGED from [com.android.support:animated-vector-drawable:25.0.0] AndroidManifest.xml:22:5-20
MERGED from [com.android.support:support-vector-drawable:25.0.0] AndroidManifest.xml:23:5-20
MERGED from [com.android.support:support-vector-drawable:25.0.0] AndroidManifest.xml:23:5-20
MERGED from [com.android.support:support-fragment:25.0.0] AndroidManifest.xml:25:5-20
MERGED from [com.android.support:support-fragment:25.0.0] AndroidManifest.xml:25:5-20
MERGED from [com.android.support:support-core-ui:25.0.0] AndroidManifest.xml:25:5-20
MERGED from [com.android.support:support-core-ui:25.0.0] AndroidManifest.xml:25:5-20
MERGED from [com.android.support:support-media-compat:25.0.0] AndroidManifest.xml:25:5-20
MERGED from [com.android.support:support-media-compat:25.0.0] AndroidManifest.xml:25:5-20
MERGED from [com.android.support:support-core-utils:25.0.0] AndroidManifest.xml:25:5-20
MERGED from [com.android.support:support-core-utils:25.0.0] AndroidManifest.xml:25:5-20
MERGED from [com.android.support:support-compat:25.0.0] AndroidManifest.xml:25:5-20
MERGED from [com.android.support:support-compat:25.0.0] AndroidManifest.xml:25:5-20
	android:supportsRtl
		ADDED from src/main/AndroidManifest.xml:14:9-35
	android:label
		ADDED from src/main/AndroidManifest.xml:13:9-41
	android:icon
		ADDED from src/main/AndroidManifest.xml:12:9-43
	android:allowBackup
		ADDED from src/main/AndroidManifest.xml:11:9-35
	android:theme
		ADDED from src/main/AndroidManifest.xml:15:9-40
activity#com.example.android.data.MainActivity
ADDED from src/main/AndroidManifest.xml:16:9-22:20
	android:name
		ADDED from src/main/AndroidManifest.xml:16:19-47
intent-filter#android.intent.action.MAIN+android.intent.category.LAUNCHER
ADDED from src/main/AndroidManifest.xml:17:13-21:29
action#android.intent.action.MAIN
ADDED from src/main/AndroidManifest.xml:18:17-69
	android:name
		ADDED from src/main/AndroidManifest.xml:18:25-66
category#android.intent.category.LAUNCHER
ADDED from src/main/AndroidManifest.xml:20:17-77
	android:name
		ADDED from src/main/AndroidManifest.xml:20:27-74
activity#com.example.android.data.DetailActivity
ADDED from src/main/AndroidManifest.xml:23:9-29:20
	android:parentActivityName
		ADDED from src/main/AndroidManifest.xml:25:13-55
	android:name
		ADDED from src/main/AndroidManifest.xml:24:13-43
meta-data#android.support.PARENT_ACTIVITY
ADDED from src/main/AndroidManifest.xml:26:13-28:49
	android:value
		ADDED from src/main/AndroidManifest.xml:28:17-46
	android:name
		ADDED from src/main/AndroidManifest.xml:27:17-63
activity#com.example.android.data.SigninActivity
ADDED from src/main/AndroidManifest.xml:30:9-37:20
	android:parentActivityName
		ADDED from src/main/AndroidManifest.xml:33:13-55
	android:label
		ADDED from src/main/AndroidManifest.xml:32:13-58
	android:name
		ADDED from src/main/AndroidManifest.xml:31:13-43
activity#com.example.android.data.PrefsActivity
ADDED from src/main/AndroidManifest.xml:38:9-43:20
	android:parentActivityName
		ADDED from src/main/AndroidManifest.xml:39:13-55
	android:name
		ADDED from src/main/AndroidManifest.xml:38:19-48
uses-sdk
INJECTED from src/main/AndroidManifest.xml reason: use-sdk injection requested
INJECTED from src/main/AndroidManifest.xml
INJECTED from src/main/AndroidManifest.xml
MERGED from [com.android.support:design:25.0.0] AndroidManifest.xml:21:5-23:62
MERGED from [com.android.support:design:25.0.0] AndroidManifest.xml:21:5-23:62
MERGED from [com.android.support:appcompat-v7:25.0.0] AndroidManifest.xml:21:5-23:78
MERGED from [com.android.support:appcompat-v7:25.0.0] AndroidManifest.xml:21:5-23:78
MERGED from [com.android.support:recyclerview-v7:25.0.0] AndroidManifest.xml:20:5-43
MERGED from [com.android.support:recyclerview-v7:25.0.0] AndroidManifest.xml:20:5-43
MERGED from [com.android.support:transition:25.0.0] AndroidManifest.xml:20:5-44
MERGED from [com.android.support:transition:25.0.0] AndroidManifest.xml:20:5-44
MERGED from [com.android.support:support-v4:25.0.0] AndroidManifest.xml:21:5-23:54
MERGED from [com.android.support:support-v4:25.0.0] AndroidManifest.xml:21:5-23:54
MERGED from [com.android.support:animated-vector-drawable:25.0.0] AndroidManifest.xml:20:5-44
MERGED from [com.android.support:animated-vector-drawable:25.0.0] AndroidManifest.xml:20:5-44
MERGED from [com.android.support:support-vector-drawable:25.0.0] AndroidManifest.xml:21:5-43
MERGED from [com.android.support:support-vector-drawable:25.0.0] AndroidManifest.xml:21:5-43
MERGED from [com.android.support:support-fragment:25.0.0] AndroidManifest.xml:21:5-23:60
MERGED from [com.android.support:support-fragment:25.0.0] AndroidManifest.xml:21:5-23:60
MERGED from [com.android.support:support-core-ui:25.0.0] AndroidManifest.xml:21:5-23:58
MERGED from [com.android.support:support-core-ui:25.0.0] AndroidManifest.xml:21:5-23:58
MERGED from [com.android.support:support-media-compat:25.0.0] AndroidManifest.xml:21:5-23:63
MERGED from [com.android.support:support-media-compat:25.0.0] AndroidManifest.xml:21:5-23:63
MERGED from [com.android.support:support-core-utils:25.0.0] AndroidManifest.xml:21:5-23:61
MERGED from [com.android.support:support-core-utils:25.0.0] AndroidManifest.xml:21:5-23:61
MERGED from [com.android.support:support-compat:25.0.0] AndroidManifest.xml:21:5-23:58
MERGED from [com.android.support:support-compat:25.0.0] AndroidManifest.xml:21:5-23:58
INJECTED from src/main/AndroidManifest.xml
INJECTED from src/main/AndroidManifest.xml
	tools:overrideLibrary
		ADDED from [com.android.support:design:25.0.0] AndroidManifest.xml:23:9-59
	android:targetSdkVersion
		INJECTED from src/main/AndroidManifest.xml
		ADDED from src/main/AndroidManifest.xml
		INJECTED from src/main/AndroidManifest.xml
	android:minSdkVersion
		INJECTED from src/main/AndroidManifest.xml
		ADDED from src/main/AndroidManifest.xml
		INJECTED from src/main/AndroidManifest.xml